<?xml version="1.0" encoding="UTF-8"?>
<testsuite name="com.example.restservice.GreetingTest" tests="2" skipped="0" failures="0" errors="0" timestamp="2021-04-05T09:20:18" hostname="DESKTOP-LE81PCA" time="0.059">
  <properties/>
  <testcase name="TestingFalse()" classname="com.example.restservice.GreetingTest" time="0.055"/>
  <testcase name="TestingTrue()" classname="com.example.restservice.GreetingTest" time="0.004"/>
  <system-out><![CDATA[]]></system-out>
  <system-err><![CDATA[апр. 05, 2021 12:20:18 PM com.example.restservice.Equation getRes
INFO: Вычисления выполнены успешно
апр. 05, 2021 12:20:18 PM com.example.restservice.Equation getRes
INFO: Вычисления выполнены успешно
апр. 05, 2021 12:20:18 PM com.example.restservice.GreetingTest TestingFalse
INFO: Test (False)
апр. 05, 2021 12:20:18 PM com.example.restservice.Equation getRes
INFO: Вычисления выполнены успешно
апр. 05, 2021 12:20:18 PM com.example.restservice.Equation getRes
INFO: Вычисления выполнены успешно
апр. 05, 2021 12:20:18 PM com.example.restservice.GreetingTest TestingTrue
INFO: Test (True)
]]></system-err>
</testsuite>
